<?xml version="1.0" encoding="UTF-8"?>
<!-- Generated by org.testng.reporters.JUnitReportReporter -->
<testsuite name="Ejercicio.testNG.TestSF" tests="7" time="69.690" ignored="0" failures="0" timestamp="11 jun 2020 23:43:45 GMT" skipped="0" hostname="PABLOF" errors="0">
  <testcase name="test1" time="10.414" classname="Ejercicio.testNG.TestSF"/>
  <testcase name="test1" time="10.475" classname="Ejercicio.testNG.TestSF"/>
  <testcase name="clickButtonNewAccount" time="6.206" classname="Ejercicio.testNG.TestSF"/>
  <testcase name="login" time="11.789" classname="Ejercicio.testNG.TestSF"/>
  <testcase name="test1" time="10.297" classname="Ejercicio.testNG.TestSF"/>
  <testcase name="test1" time="10.228" classname="Ejercicio.testNG.TestSF"/>
  <testcase name="test1" time="10.281" classname="Ejercicio.testNG.TestSF"/>
</testsuite> <!-- Ejercicio.testNG.TestSF -->
